<?xml version="1.0" encoding="UTF-8"?>
<testsuite xmlns:xsi="http://www.w3.org/2001/XMLSchema-instance" xsi:noNamespaceSchemaLocation="https://maven.apache.org/surefire/maven-surefire-plugin/xsd/surefire-test-report.xsd" name="com.example.SmartRetailProduct.service.ProductServiceTests" time="0.001" tests="5" errors="0" skipped="0" failures="0">
  <properties>
[...]
</properties>
  <testcase name="testGettingErrorProduct" classname="com.example.SmartRetailProduct.service.ProductServiceTests" time="0"/>
  <testcase name="testGettingProduct" classname="com.example.SmartRetailProduct.service.ProductServiceTests" time="0"/>
  <testcase name="testAddingProduct" classname="com.example.SmartRetailProduct.service.ProductServiceTests" time="0"/>
  <testcase name="testUpdateProduct" classname="com.example.SmartRetailProduct.service.ProductServiceTests" time="0.001"/>
  <testcase name="testGetAllProducts" classname="com.example.SmartRetailProduct.service.ProductServiceTests" time="0"/>
</testsuite>