{"/home/apudubey/digitail/Hashedin-Relay/smart-retail/frontend/src/components/ImageUploadGuidelines/ImageUploadGuidelines.tsx": {"path":"/home/apudubey/digitail/Hashedin-Relay/smart-retail/frontend/src/components/ImageUploadGuidelines/ImageUploadGuidelines.tsx","statementMap":{"0":{"start":{"line":8,"column":15},"end":{"line":8,"column":31}},"1":{"start":{"line":9,"column":23},"end":{"line":9,"column":68}},"2":{"start":{"line":11,"column":2},"end":{"line":23,"column":4}},"3":{"start":{"line":15,"column":8},"end":{"line":20,"column":10}}},"fnMap":{"0":{"name":"ImageUploadGuidelines","decl":{"start":{"line":6,"column":9},"end":{"line":6,"column":30}},"loc":{"start":{"line":6,"column":33},"end":{"line":24,"column":1}},"line":6},"1":{"name":"(anonymous_1)","decl":{"start":{"line":14,"column":40},"end":{"line":14,"column":41}},"loc":{"start":{"line":14,"column":64},"end":{"line":21,"column":7}},"line":14}},"branchMap":{},"s":{"0":2,"1":2,"2":2,"3":32},"f":{"0":2,"1":32},"b":{},"_coverageSchema":"1a1c01bbd47fc00a2c39e90264f33305004495a9","hash":"439d4cbd4054bc4b60fc14be45a2473e04a90d1f"}
,"/home/apudubey/digitail/Hashedin-Relay/smart-retail/frontend/src/components/loader/Loader.tsx": {"path":"/home/apudubey/digitail/Hashedin-Relay/smart-retail/frontend/src/components/loader/Loader.tsx","statementMap":{"0":{"start":{"line":4,"column":15},"end":{"line":13,"column":1}},"1":{"start":{"line":5,"column":2},"end":{"line":12,"column":3}}},"fnMap":{"0":{"name":"(anonymous_0)","decl":{"start":{"line":4,"column":15},"end":{"line":4,"column":16}},"loc":{"start":{"line":4,"column":25},"end":{"line":13,"column":1}},"line":4}},"branchMap":{},"s":{"0":5,"1":2},"f":{"0":2},"b":{},"_coverageSchema":"1a1c01bbd47fc00a2c39e90264f33305004495a9","hash":"7e3a469aacf999724bbec40d4e70bf3b5f20b6a4"}
,"/home/apudubey/digitail/Hashedin-Relay/smart-retail/frontend/src/components/successPopUp/SuccessPopUp.tsx": {"path":"/home/apudubey/digitail/Hashedin-Relay/smart-retail/frontend/src/components/successPopUp/SuccessPopUp.tsx","statementMap":{"0":{"start":{"line":11,"column":26},"end":{"line":11,"column":46}},"1":{"start":{"line":17,"column":22},"end":{"line":19,"column":3}},"2":{"start":{"line":18,"column":4},"end":{"line":18,"column":19}},"3":{"start":{"line":21,"column":2},"end":{"line":51,"column":4}}},"fnMap":{"0":{"name":"SuccessPopUp","decl":{"start":{"line":10,"column":24},"end":{"line":10,"column":36}},"loc":{"start":{"line":10,"column":44},"end":{"line":52,"column":1}},"line":10},"1":{"name":"(anonymous_1)","decl":{"start":{"line":17,"column":22},"end":{"line":17,"column":23}},"loc":{"start":{"line":17,"column":28},"end":{"line":19,"column":3}},"line":17}},"branchMap":{},"s":{"0":2,"1":2,"2":0,"3":2},"f":{"0":2,"1":0},"b":{},"_coverageSchema":"1a1c01bbd47fc00a2c39e90264f33305004495a9","hash":"c1222805692f3d4466ef144e513dbd36cf26c5cc"}
,"/home/apudubey/digitail/Hashedin-Relay/smart-retail/frontend/src/pages/ProductDetailsPage/ProductDetailPage.tsx": {"path":"/home/apudubey/digitail/Hashedin-Relay/smart-retail/frontend/src/pages/ProductDetailsPage/ProductDetailPage.tsx","statementMap":{"0":{"start":{"line":20,"column":34},"end":{"line":20,"column":46}},"1":{"start":{"line":53,"column":23},"end":{"line":55,"column":3}},"2":{"start":{"line":54,"column":4},"end":{"line":54,"column":22}},"3":{"start":{"line":59,"column":2},"end":{"line":91,"column":3}}},"fnMap":{"0":{"name":"ProductDetailPage","decl":{"start":{"line":13,"column":9},"end":{"line":13,"column":26}},"loc":{"start":{"line":13,"column":30},"end":{"line":92,"column":1}},"line":13},"1":{"name":"(anonymous_1)","decl":{"start":{"line":53,"column":23},"end":{"line":53,"column":24}},"loc":{"start":{"line":53,"column":33},"end":{"line":55,"column":3}},"line":53}},"branchMap":{},"s":{"0":1,"1":1,"2":1,"3":1},"f":{"0":1,"1":1},"b":{},"_coverageSchema":"1a1c01bbd47fc00a2c39e90264f33305004495a9","hash":"29d2e37c84106f7ed61cf6c1afd58749fa85ab3e"}
,"/home/apudubey/digitail/Hashedin-Relay/smart-retail/frontend/src/pages/barcodepage/barcodepage.tsx": {"path":"/home/apudubey/digitail/Hashedin-Relay/smart-retail/frontend/src/pages/barcodepage/barcodepage.tsx","statementMap":{"0":{"start":{"line":8,"column":20},"end":{"line":58,"column":1}},"1":{"start":{"line":9,"column":26},"end":{"line":9,"column":49}},"2":{"start":{"line":15,"column":2},"end":{"line":22,"column":12}},"3":{"start":{"line":16,"column":4},"end":{"line":16,"column":18}},"4":{"start":{"line":23,"column":27},"end":{"line":25,"column":3}},"5":{"start":{"line":24,"column":4},"end":{"line":24,"column":18}},"6":{"start":{"line":26,"column":21},"end":{"line":28,"column":3}},"7":{"start":{"line":27,"column":4},"end":{"line":27,"column":19}},"8":{"start":{"line":32,"column":2},"end":{"line":57,"column":4}}},"fnMap":{"0":{"name":"(anonymous_0)","decl":{"start":{"line":8,"column":20},"end":{"line":8,"column":21}},"loc":{"start":{"line":8,"column":26},"end":{"line":58,"column":1}},"line":8},"1":{"name":"(anonymous_1)","decl":{"start":{"line":15,"column":12},"end":{"line":15,"column":13}},"loc":{"start":{"line":15,"column":18},"end":{"line":22,"column":3}},"line":15},"2":{"name":"(anonymous_2)","decl":{"start":{"line":23,"column":27},"end":{"line":23,"column":28}},"loc":{"start":{"line":23,"column":33},"end":{"line":25,"column":3}},"line":23},"3":{"name":"(anonymous_3)","decl":{"start":{"line":26,"column":21},"end":{"line":26,"column":22}},"loc":{"start":{"line":26,"column":27},"end":{"line":28,"column":3}},"line":26}},"branchMap":{"0":{"loc":{"start":{"line":39,"column":9},"end":{"line":52,"column":16}},"type":"cond-expr","locations":[{"start":{"line":40,"column":10},"end":{"line":47,"column":16}},{"start":{"line":48,"column":10},"end":{"line":52,"column":16}}],"line":39}},"s":{"0":1,"1":2,"2":1,"3":1,"4":1,"5":0,"6":1,"7":0,"8":1},"f":{"0":2,"1":1,"2":0,"3":0},"b":{"0":[1,0]},"_coverageSchema":"1a1c01bbd47fc00a2c39e90264f33305004495a9","hash":"2a06fad795201956bef0edfcc37e0cc159d6b0d2"}
,"/home/apudubey/digitail/Hashedin-Relay/smart-retail/frontend/src/pages/forgetPasswordPage/ForgetPassPage.tsx": {"path":"/home/apudubey/digitail/Hashedin-Relay/smart-retail/frontend/src/pages/forgetPasswordPage/ForgetPassPage.tsx","statementMap":{"0":{"start":{"line":5,"column":23},"end":{"line":16,"column":1}},"1":{"start":{"line":6,"column":2},"end":{"line":15,"column":3}}},"fnMap":{"0":{"name":"(anonymous_0)","decl":{"start":{"line":5,"column":23},"end":{"line":5,"column":24}},"loc":{"start":{"line":5,"column":29},"end":{"line":16,"column":1}},"line":5}},"branchMap":{},"s":{"0":1,"1":1},"f":{"0":1},"b":{},"_coverageSchema":"1a1c01bbd47fc00a2c39e90264f33305004495a9","hash":"8b769dab5ff6d5d1fdf7445107c7b3cad64d9e94"}
,"/home/apudubey/digitail/Hashedin-Relay/smart-retail/frontend/src/pages/homepage/Homepage.tsx": {"path":"/home/apudubey/digitail/Hashedin-Relay/smart-retail/frontend/src/pages/homepage/Homepage.tsx","statementMap":{"0":{"start":{"line":10,"column":17},"end":{"line":30,"column":1}},"1":{"start":{"line":12,"column":2},"end":{"line":29,"column":4}}},"fnMap":{"0":{"name":"(anonymous_0)","decl":{"start":{"line":10,"column":17},"end":{"line":10,"column":18}},"loc":{"start":{"line":10,"column":23},"end":{"line":30,"column":1}},"line":10}},"branchMap":{},"s":{"0":1,"1":1},"f":{"0":1},"b":{},"_coverageSchema":"1a1c01bbd47fc00a2c39e90264f33305004495a9","hash":"21b21ed3f12834e3815074c5adcfb4b0c105c540"}
,"/home/apudubey/digitail/Hashedin-Relay/smart-retail/frontend/src/pages/modules/signin/Signinpage.tsx": {"path":"/home/apudubey/digitail/Hashedin-Relay/smart-retail/frontend/src/pages/modules/signin/Signinpage.tsx","statementMap":{"0":{"start":{"line":7,"column":19},"end":{"line":16,"column":1}},"1":{"start":{"line":8,"column":2},"end":{"line":15,"column":4}}},"fnMap":{"0":{"name":"(anonymous_0)","decl":{"start":{"line":7,"column":19},"end":{"line":7,"column":20}},"loc":{"start":{"line":7,"column":25},"end":{"line":16,"column":1}},"line":7}},"branchMap":{},"s":{"0":1,"1":1},"f":{"0":1},"b":{},"_coverageSchema":"1a1c01bbd47fc00a2c39e90264f33305004495a9","hash":"5ecdce4d7b84c4e2bb9202f355f99f11040d058c"}
,"/home/apudubey/digitail/Hashedin-Relay/smart-retail/frontend/src/pages/signup/Signuppage.tsx": {"path":"/home/apudubey/digitail/Hashedin-Relay/smart-retail/frontend/src/pages/signup/Signuppage.tsx","statementMap":{"0":{"start":{"line":5,"column":19},"end":{"line":14,"column":1}},"1":{"start":{"line":6,"column":2},"end":{"line":13,"column":3}}},"fnMap":{"0":{"name":"(anonymous_0)","decl":{"start":{"line":5,"column":19},"end":{"line":5,"column":20}},"loc":{"start":{"line":5,"column":25},"end":{"line":14,"column":1}},"line":5}},"branchMap":{},"s":{"0":1,"1":2},"f":{"0":2},"b":{},"_coverageSchema":"1a1c01bbd47fc00a2c39e90264f33305004495a9","hash":"9aded04c890629d7b73e391ecb0d35c024585b2f"}
}
