TN:
SF:src/components/ImageUploadGuidelines/ImageUploadGuidelines.tsx
FN:6,ImageUploadGuidelines
FN:14,(anonymous_1)
FNF:2
FNH:2
FNDA:2,ImageUploadGuidelines
FNDA:32,(anonymous_1)
DA:8,2
DA:9,2
DA:11,2
DA:15,32
LF:4
LH:4
BRF:0
BRH:0
end_of_record
TN:
SF:src/components/loader/Loader.tsx
FN:4,(anonymous_0)
FNF:1
FNH:1
FNDA:2,(anonymous_0)
DA:4,5
DA:5,2
LF:2
LH:2
BRF:0
BRH:0
end_of_record
TN:
SF:src/components/successPopUp/SuccessPopUp.tsx
FN:10,SuccessPopUp
FN:17,(anonymous_1)
FNF:2
FNH:1
FNDA:2,SuccessPopUp
FNDA:0,(anonymous_1)
DA:11,2
DA:17,2
DA:18,0
DA:21,2
LF:4
LH:3
BRF:0
BRH:0
end_of_record
TN:
SF:src/pages/ProductDetailsPage/ProductDetailPage.tsx
FN:13,ProductDetailPage
FN:53,(anonymous_1)
FNF:2
FNH:2
FNDA:1,ProductDetailPage
FNDA:1,(anonymous_1)
DA:20,1
DA:53,1
DA:54,1
DA:59,1
LF:4
LH:4
BRF:0
BRH:0
end_of_record
TN:
SF:src/pages/barcodepage/barcodepage.tsx
FN:8,(anonymous_0)
FN:15,(anonymous_1)
FN:23,(anonymous_2)
FN:26,(anonymous_3)
FNF:4
FNH:2
FNDA:2,(anonymous_0)
FNDA:1,(anonymous_1)
FNDA:0,(anonymous_2)
FNDA:0,(anonymous_3)
DA:8,1
DA:9,2
DA:15,1
DA:16,1
DA:23,1
DA:24,0
DA:26,1
DA:27,0
DA:32,1
LF:9
LH:7
BRDA:39,0,0,1
BRDA:39,0,1,0
BRF:2
BRH:1
end_of_record
TN:
SF:src/pages/forgetPasswordPage/ForgetPassPage.tsx
FN:5,(anonymous_0)
FNF:1
FNH:1
FNDA:1,(anonymous_0)
DA:5,1
DA:6,1
LF:2
LH:2
BRF:0
BRH:0
end_of_record
TN:
SF:src/pages/homepage/Homepage.tsx
FN:10,(anonymous_0)
FNF:1
FNH:1
FNDA:1,(anonymous_0)
DA:10,1
DA:12,1
LF:2
LH:2
BRF:0
BRH:0
end_of_record
TN:
SF:src/pages/modules/signin/Signinpage.tsx
FN:7,(anonymous_0)
FNF:1
FNH:1
FNDA:1,(anonymous_0)
DA:7,1
DA:8,1
LF:2
LH:2
BRF:0
BRH:0
end_of_record
TN:
SF:src/pages/signup/Signuppage.tsx
FN:5,(anonymous_0)
FNF:1
FNH:1
FNDA:2,(anonymous_0)
DA:5,1
DA:6,2
LF:2
LH:2
BRF:0
BRH:0
end_of_record
