-------------------------------------------------------------------------------
Test set: com.example.SmartRetailUserManagement.SmartRetailUserManagementTests
-------------------------------------------------------------------------------
Tests run: 13, Failures: 1, Errors: 0, Skipped: 0, Time elapsed: 0.027 s <<< FAILURE! - in com.example.SmartRetailUserManagement.SmartRetailUserManagementTests
addMeasurement  Time elapsed: 0.011 s  <<< FAILURE!
org.opentest4j.AssertionFailedError: expected: <201 CREATED> but was: <404 NOT_FOUND>
	at com.example.SmartRetailUserManagement.SmartRetailUserManagementTests.addMeasurement(SmartRetailUserManagementTests.java:168)

